0 info it worked if it ends with ok
1 verbose cli [ 'node', '/usr/local/bin/npm', 'publish' ]
2 info using npm@2.7.3
3 info using node@v0.12.1
4 verbose node symlink /usr/local/bin/node
5 verbose publish [ '.' ]
6 silly cache add args [ '.', null ]
7 verbose cache add spec .
8 silly cache add parsed spec { raw: '.',
8 silly cache add   scope: null,
8 silly cache add   name: null,
8 silly cache add   rawSpec: '.',
8 silly cache add   spec: '/Users/stephen/personalspace/random-set',
8 silly cache add   type: 'directory' }
9 verbose addLocalDirectory /Users/stephen/.npm/random-set/1.0.4/package.tgz not in flight; packing
10 verbose tar pack [ '/Users/stephen/.npm/random-set/1.0.4/package.tgz',
10 verbose tar pack   '/Users/stephen/personalspace/random-set' ]
11 verbose tarball /Users/stephen/.npm/random-set/1.0.4/package.tgz
12 verbose folder /Users/stephen/personalspace/random-set
13 info prepublish random-set@1.0.4
14 verbose addLocalTarball adding from inside cache /Users/stephen/.npm/random-set/1.0.4/package.tgz
15 silly cache afterAdd random-set@1.0.4
16 verbose afterAdd /Users/stephen/.npm/random-set/1.0.4/package/package.json not in flight; writing
17 verbose afterAdd /Users/stephen/.npm/random-set/1.0.4/package/package.json written
18 silly publish { name: 'random-set',
18 silly publish   version: '1.0.4',
18 silly publish   description: 'a random number generator',
18 silly publish   main: 'index.js',
18 silly publish   repository:
18 silly publish    { type: 'git',
18 silly publish      url: 'https://github.com/stephen-standridge/random-set' },
18 silly publish   scripts: { test: 'echo "Error: no test specified" && exit 1' },
18 silly publish   author:
18 silly publish    { name: 'Stephen Standridge',
18 silly publish      email: 'Stephen@formisfunction.io',
18 silly publish      url: 'www.formisfunction.io' },
18 silly publish   license: 'ISC',
18 silly publish   dependencies: { 'basic-tree': '^1.0.0' },
18 silly publish   gitHead: '5dc22ba9a222b9c7c6debc40214cf40bb47c9afc',
18 silly publish   bugs: { url: 'https://github.com/stephen-standridge/random-set/issues' },
18 silly publish   readme: 'ERROR: No README data found!',
18 silly publish   homepage: 'https://github.com/stephen-standridge/random-set',
18 silly publish   _id: 'random-set@1.0.4',
18 silly publish   _shasum: 'f0592490e863612a2d5ea937686319c0d192a071',
18 silly publish   _from: '.' }
19 silly mapToRegistry name random-set
20 silly mapToRegistry using default registry
21 silly mapToRegistry registry https://registry.npmjs.org/
22 silly mapToRegistry uri https://registry.npmjs.org/random-set
23 verbose publish registryBase https://registry.npmjs.org/
24 silly publish uploading /Users/stephen/.npm/random-set/1.0.4/package.tgz
25 verbose request uri https://registry.npmjs.org/random-set
26 verbose request sending authorization for write operation
27 info attempt registry request try #1 at 11:40:03
28 verbose request using bearer token for auth
29 verbose request id 8f7783882324b37c
30 http request PUT https://registry.npmjs.org/random-set
31 http 403 https://registry.npmjs.org/random-set
32 verbose headers { 'content-type': 'application/json',
32 verbose headers   'cache-control': 'max-age=60',
32 verbose headers   'content-length': '95',
32 verbose headers   'accept-ranges': 'bytes',
32 verbose headers   date: 'Sat, 31 Oct 2015 18:40:03 GMT',
32 verbose headers   via: '1.1 varnish',
32 verbose headers   connection: 'keep-alive',
32 verbose headers   'x-served-by': 'cache-sjc3123-SJC',
32 verbose headers   'x-cache': 'MISS',
32 verbose headers   'x-cache-hits': '0',
32 verbose headers   'x-timer': 'S1446316802.971354,VS0,VE274' }
33 verbose request invalidating /Users/stephen/.npm/registry.npmjs.org/random-set on PUT
34 error publish Failed PUT 403
35 verbose stack Error: "You cannot publish over the previously published version 1.0.4." : random-set
35 verbose stack     at CachingRegistryClient.<anonymous> (/usr/local/lib/node_modules/npm/node_modules/npm-registry-client/lib/request.js:254:14)
35 verbose stack     at Request._callback (/usr/local/lib/node_modules/npm/node_modules/npm-registry-client/lib/request.js:178:14)
35 verbose stack     at Request.self.callback (/usr/local/lib/node_modules/npm/node_modules/request/request.js:344:22)
35 verbose stack     at Request.emit (events.js:110:17)
35 verbose stack     at Request.<anonymous> (/usr/local/lib/node_modules/npm/node_modules/request/request.js:1239:14)
35 verbose stack     at Request.emit (events.js:129:20)
35 verbose stack     at IncomingMessage.<anonymous> (/usr/local/lib/node_modules/npm/node_modules/request/request.js:1187:12)
35 verbose stack     at IncomingMessage.emit (events.js:129:20)
35 verbose stack     at _stream_readable.js:908:16
35 verbose stack     at process._tickCallback (node.js:355:11)
36 verbose statusCode 403
37 verbose pkgid random-set
38 verbose cwd /Users/stephen/personalspace/random-set
39 error Darwin 14.4.0
40 error argv "node" "/usr/local/bin/npm" "publish"
41 error node v0.12.1
42 error npm  v2.7.3
43 error code E403
44 error "You cannot publish over the previously published version 1.0.4." : random-set
45 error If you need help, you may report this error at:
45 error     <https://github.com/npm/npm/issues>
46 verbose exit [ 1, true ]
